#! /usr/bin/vvp
:ivl_version "10.1 (stable)";
:ivl_delay_selection "TYPICAL";
:vpi_time_precision - 12;
:vpi_module "system";
:vpi_module "vhdl_sys";
:vpi_module "v2005_math";
:vpi_module "va_math";
S_0x555789bc3a60 .scope module, "demux12" "demux12" 2 12;
 .timescale -9 -12;
    .port_info 0 /INPUT 1 "reset"
    .port_info 1 /INPUT 1 "clk"
    .port_info 2 /INPUT 10 "in"
    .port_info 3 /INPUT 1 "valid_in"
    .port_info 4 /INPUT 1 "select"
    .port_info 5 /OUTPUT 1 "push_0"
    .port_info 6 /OUTPUT 1 "push_1"
    .port_info 7 /OUTPUT 10 "out0"
    .port_info 8 /OUTPUT 10 "out1"
    .port_info 9 /OUTPUT 2 "valid_out"
o0x7fbd1647f018 .functor BUFZ 1, C4<z>; HiZ drive
v0x555789bc3ce0_0 .net "clk", 0 0, o0x7fbd1647f018;  0 drivers
o0x7fbd1647f048 .functor BUFZ 10, C4<zzzzzzzzzz>; HiZ drive
v0x555789be3d00_0 .net "in", 9 0, o0x7fbd1647f048;  0 drivers
v0x555789be3de0_0 .var "out0", 9 0;
v0x555789be3ea0_0 .var "out1", 9 0;
v0x555789be3f80_0 .var "push_0", 0 0;
v0x555789be4090_0 .var "push_1", 0 0;
o0x7fbd1647f138 .functor BUFZ 1, C4<z>; HiZ drive
v0x555789be4150_0 .net "reset", 0 0, o0x7fbd1647f138;  0 drivers
o0x7fbd1647f168 .functor BUFZ 1, C4<z>; HiZ drive
v0x555789be4210_0 .net "select", 0 0, o0x7fbd1647f168;  0 drivers
o0x7fbd1647f198 .functor BUFZ 1, C4<z>; HiZ drive
v0x555789be42d0_0 .net "valid_in", 0 0, o0x7fbd1647f198;  0 drivers
v0x555789be4390_0 .var "valid_out", 1 0;
E_0x555789b858c0 .event posedge, v0x555789bc3ce0_0;
    .scope S_0x555789bc3a60;
T_0 ;
    %wait E_0x555789b858c0;
    %load/vec4 v0x555789be4150_0;
    %pad/u 32;
    %cmpi/e 0, 0, 32;
    %jmp/0xz  T_0.0, 4;
    %pushi/vec4 0, 0, 10;
    %assign/vec4 v0x555789be3de0_0, 0;
    %pushi/vec4 0, 0, 10;
    %assign/vec4 v0x555789be3ea0_0, 0;
    %pushi/vec4 0, 0, 2;
    %assign/vec4 v0x555789be4390_0, 0;
    %pushi/vec4 0, 0, 1;
    %assign/vec4 v0x555789be3f80_0, 0;
    %pushi/vec4 0, 0, 1;
    %assign/vec4 v0x555789be4090_0, 0;
    %jmp T_0.1;
T_0.0 ;
    %load/vec4 v0x555789be4210_0;
    %dup/vec4;
    %pushi/vec4 0, 0, 1;
    %cmp/u;
    %jmp/1 T_0.2, 6;
    %dup/vec4;
    %pushi/vec4 1, 0, 1;
    %cmp/u;
    %jmp/1 T_0.3, 6;
    %pushi/vec4 0, 0, 2;
    %assign/vec4 v0x555789be4390_0, 0;
    %pushi/vec4 0, 0, 10;
    %assign/vec4 v0x555789be3de0_0, 0;
    %pushi/vec4 0, 0, 10;
    %assign/vec4 v0x555789be3ea0_0, 0;
    %jmp T_0.5;
T_0.2 ;
    %load/vec4 v0x555789be42d0_0;
    %pad/u 32;
    %cmpi/e 1, 0, 32;
    %jmp/0xz  T_0.6, 4;
    %load/vec4 v0x555789be3d00_0;
    %assign/vec4 v0x555789be3de0_0, 0;
    %pushi/vec4 1, 0, 1;
    %assign/vec4 v0x555789be3f80_0, 0;
    %load/vec4 v0x555789be42d0_0;
    %ix/load 4, 0, 0;
    %ix/load 5, 0, 0;
    %flag_set/imm 4, 0;
    %assign/vec4/off/d v0x555789be4390_0, 4, 5;
    %pushi/vec4 0, 0, 1;
    %ix/load 4, 1, 0;
    %ix/load 5, 0, 0;
    %flag_set/imm 4, 0;
    %assign/vec4/off/d v0x555789be4390_0, 4, 5;
    %jmp T_0.7;
T_0.6 ;
    %pushi/vec4 0, 0, 1;
    %ix/load 4, 0, 0;
    %ix/load 5, 0, 0;
    %flag_set/imm 4, 0;
    %assign/vec4/off/d v0x555789be4390_0, 4, 5;
T_0.7 ;
    %jmp T_0.5;
T_0.3 ;
    %load/vec4 v0x555789be42d0_0;
    %pad/u 32;
    %cmpi/e 1, 0, 32;
    %jmp/0xz  T_0.8, 4;
    %load/vec4 v0x555789be3d00_0;
    %assign/vec4 v0x555789be3ea0_0, 0;
    %pushi/vec4 1, 0, 1;
    %assign/vec4 v0x555789be4090_0, 0;
    %pushi/vec4 0, 0, 1;
    %ix/load 4, 0, 0;
    %ix/load 5, 0, 0;
    %flag_set/imm 4, 0;
    %assign/vec4/off/d v0x555789be4390_0, 4, 5;
    %load/vec4 v0x555789be42d0_0;
    %ix/load 4, 1, 0;
    %ix/load 5, 0, 0;
    %flag_set/imm 4, 0;
    %assign/vec4/off/d v0x555789be4390_0, 4, 5;
    %jmp T_0.9;
T_0.8 ;
    %pushi/vec4 0, 0, 1;
    %ix/load 4, 0, 0;
    %ix/load 5, 0, 0;
    %flag_set/imm 4, 0;
    %assign/vec4/off/d v0x555789be4390_0, 4, 5;
T_0.9 ;
    %jmp T_0.5;
T_0.5 ;
    %pop/vec4 1;
T_0.1 ;
    %jmp T_0;
    .thread T_0;
# The file index is used to find the file name in the following table.
:file_names 3;
    "N/A";
    "<interactive>";
    "demux1x2_behav.v";
