#! /usr/bin/vvp
:ivl_version "10.1 (stable)";
:ivl_delay_selection "TYPICAL";
:vpi_time_precision + 0;
:vpi_module "system";
:vpi_module "vhdl_sys";
:vpi_module "v2005_math";
:vpi_module "va_math";
S_0x55e450b7e710 .scope module, "fifo" "fifo" 2 9;
 .timescale 0 0;
    .port_info 0 /INPUT 1 "clk"
    .port_info 1 /INPUT 1 "reset"
    .port_info 2 /INPUT 1 "read"
    .port_info 3 /INPUT 1 "write"
    .port_info 4 /INPUT 10 "data_in_push"
    .port_info 5 /OUTPUT 1 "almost_full_in"
    .port_info 6 /OUTPUT 1 "almost_empty_in"
    .port_info 7 /OUTPUT 1 "fifo_empty"
    .port_info 8 /OUTPUT 1 "Fifo_full"
    .port_info 9 /OUTPUT 10 "data_out_pop"
    .port_info 10 /OUTPUT 1 "fifo_error"
    .port_info 11 /OUTPUT 1 "fifo_pause"
P_0x55e450b84100 .param/l "DATA_SIZE" 0 2 9, +C4<00000000000000000000000000001010>;
P_0x55e450b84140 .param/l "MAIN_SIZE" 0 2 9, +C4<00000000000000000000000000001000>;
v0x55e450baa040_0 .var "Fifo_full", 0 0;
v0x55e450baa120_0 .var "almost_empty", 0 0;
v0x55e450baa1e0_0 .var "almost_empty_in", 0 0;
v0x55e450baa280_0 .var "almost_full", 0 0;
v0x55e450baa340_0 .var "almost_full_in", 0 0;
o0x7eff06c9d018 .functor BUFZ 1, C4<z>; HiZ drive
v0x55e450baa400_0 .net "clk", 0 0, o0x7eff06c9d018;  0 drivers
v0x55e450baa4a0_0 .var "data_count", 9 0;
o0x7eff06c9d048 .functor BUFZ 10, C4<zzzzzzzzzz>; HiZ drive
v0x55e450baa560_0 .net "data_in_push", 9 0, o0x7eff06c9d048;  0 drivers
v0x55e450baa650_0 .net "data_out", 9 0, v0x55e450ba7160_0;  1 drivers
v0x55e450baa720_0 .var "data_out_pop", 9 0;
v0x55e450baa7e0_0 .var "datamod", 0 0;
v0x55e450baa8a0_0 .var "fifo_empty", 0 0;
v0x55e450baa960_0 .var "fifo_error", 0 0;
v0x55e450baaa20_0 .var "fifo_full", 0 0;
v0x55e450baaae0_0 .var "fifo_pause", 0 0;
v0x55e450baaba0_0 .var "rd_ptr", 7 0;
o0x7eff06ca00d8 .functor BUFZ 1, C4<z>; HiZ drive
v0x55e450baac90_0 .net "read", 0 0, o0x7eff06ca00d8;  0 drivers
o0x7eff06ca0108 .functor BUFZ 1, C4<z>; HiZ drive
v0x55e450baae70_0 .net "reset", 0 0, o0x7eff06ca0108;  0 drivers
v0x55e450baaf40_0 .var "wr_ptr", 7 0;
o0x7eff06ca0168 .functor BUFZ 1, C4<z>; HiZ drive
v0x55e450bab010_0 .net "write", 0 0, o0x7eff06ca0168;  0 drivers
E_0x55e450b680c0/0 .event edge, v0x55e450ba9ce0_0, v0x55e450baa4a0_0, v0x55e450baa340_0, v0x55e450baa1e0_0;
E_0x55e450b680c0/1 .event edge, v0x55e450ba9e80_0, v0x55e450baaa20_0, v0x55e450ba9c20_0, v0x55e450baa8a0_0;
E_0x55e450b680c0 .event/or E_0x55e450b680c0/0, E_0x55e450b680c0/1;
S_0x55e450b82b80 .scope module, "mem" "memory" 2 37, 3 4 0, S_0x55e450b7e710;
 .timescale 0 0;
    .port_info 0 /INPUT 1 "clk"
    .port_info 1 /INPUT 1 "read"
    .port_info 2 /INPUT 1 "write"
    .port_info 3 /INPUT 1 "reset"
    .port_info 4 /INPUT 10 "data_in"
    .port_info 5 /INPUT 8 "wr_ptr"
    .port_info 6 /INPUT 8 "rd_ptr"
    .port_info 7 /OUTPUT 10 "data_out"
P_0x55e450b82090 .param/l "DATA_SIZE" 0 3 4, +C4<00000000000000000000000000001010>;
P_0x55e450b820d0 .param/l "MAIN_SIZE" 0 3 4, +C4<00000000000000000000000000001000>;
v0x55e450b8aa90_0 .net "clk", 0 0, o0x7eff06c9d018;  alias, 0 drivers
v0x55e450ba7080_0 .net "data_in", 9 0, o0x7eff06c9d048;  alias, 0 drivers
v0x55e450ba7160_0 .var "data_out", 9 0;
v0x55e450ba7220 .array "mem", 0 255, 9 0;
v0x55e450ba9af0_0 .net "rd_ptr", 7 0, v0x55e450baaba0_0;  1 drivers
v0x55e450ba9c20_0 .net "read", 0 0, o0x7eff06ca00d8;  alias, 0 drivers
v0x55e450ba9ce0_0 .net "reset", 0 0, o0x7eff06ca0108;  alias, 0 drivers
v0x55e450ba9da0_0 .net "wr_ptr", 7 0, v0x55e450baaf40_0;  1 drivers
v0x55e450ba9e80_0 .net "write", 0 0, o0x7eff06ca0168;  alias, 0 drivers
E_0x55e450b67ec0 .event posedge, v0x55e450b8aa90_0;
v0x55e450ba7220_0 .array/port v0x55e450ba7220, 0;
E_0x55e450b6ae30/0 .event edge, v0x55e450ba9ce0_0, v0x55e450ba9c20_0, v0x55e450ba9af0_0, v0x55e450ba7220_0;
v0x55e450ba7220_1 .array/port v0x55e450ba7220, 1;
v0x55e450ba7220_2 .array/port v0x55e450ba7220, 2;
v0x55e450ba7220_3 .array/port v0x55e450ba7220, 3;
v0x55e450ba7220_4 .array/port v0x55e450ba7220, 4;
E_0x55e450b6ae30/1 .event edge, v0x55e450ba7220_1, v0x55e450ba7220_2, v0x55e450ba7220_3, v0x55e450ba7220_4;
v0x55e450ba7220_5 .array/port v0x55e450ba7220, 5;
v0x55e450ba7220_6 .array/port v0x55e450ba7220, 6;
v0x55e450ba7220_7 .array/port v0x55e450ba7220, 7;
v0x55e450ba7220_8 .array/port v0x55e450ba7220, 8;
E_0x55e450b6ae30/2 .event edge, v0x55e450ba7220_5, v0x55e450ba7220_6, v0x55e450ba7220_7, v0x55e450ba7220_8;
v0x55e450ba7220_9 .array/port v0x55e450ba7220, 9;
v0x55e450ba7220_10 .array/port v0x55e450ba7220, 10;
v0x55e450ba7220_11 .array/port v0x55e450ba7220, 11;
v0x55e450ba7220_12 .array/port v0x55e450ba7220, 12;
E_0x55e450b6ae30/3 .event edge, v0x55e450ba7220_9, v0x55e450ba7220_10, v0x55e450ba7220_11, v0x55e450ba7220_12;
v0x55e450ba7220_13 .array/port v0x55e450ba7220, 13;
v0x55e450ba7220_14 .array/port v0x55e450ba7220, 14;
v0x55e450ba7220_15 .array/port v0x55e450ba7220, 15;
v0x55e450ba7220_16 .array/port v0x55e450ba7220, 16;
E_0x55e450b6ae30/4 .event edge, v0x55e450ba7220_13, v0x55e450ba7220_14, v0x55e450ba7220_15, v0x55e450ba7220_16;
v0x55e450ba7220_17 .array/port v0x55e450ba7220, 17;
v0x55e450ba7220_18 .array/port v0x55e450ba7220, 18;
v0x55e450ba7220_19 .array/port v0x55e450ba7220, 19;
v0x55e450ba7220_20 .array/port v0x55e450ba7220, 20;
E_0x55e450b6ae30/5 .event edge, v0x55e450ba7220_17, v0x55e450ba7220_18, v0x55e450ba7220_19, v0x55e450ba7220_20;
v0x55e450ba7220_21 .array/port v0x55e450ba7220, 21;
v0x55e450ba7220_22 .array/port v0x55e450ba7220, 22;
v0x55e450ba7220_23 .array/port v0x55e450ba7220, 23;
v0x55e450ba7220_24 .array/port v0x55e450ba7220, 24;
E_0x55e450b6ae30/6 .event edge, v0x55e450ba7220_21, v0x55e450ba7220_22, v0x55e450ba7220_23, v0x55e450ba7220_24;
v0x55e450ba7220_25 .array/port v0x55e450ba7220, 25;
v0x55e450ba7220_26 .array/port v0x55e450ba7220, 26;
v0x55e450ba7220_27 .array/port v0x55e450ba7220, 27;
v0x55e450ba7220_28 .array/port v0x55e450ba7220, 28;
E_0x55e450b6ae30/7 .event edge, v0x55e450ba7220_25, v0x55e450ba7220_26, v0x55e450ba7220_27, v0x55e450ba7220_28;
v0x55e450ba7220_29 .array/port v0x55e450ba7220, 29;
v0x55e450ba7220_30 .array/port v0x55e450ba7220, 30;
v0x55e450ba7220_31 .array/port v0x55e450ba7220, 31;
v0x55e450ba7220_32 .array/port v0x55e450ba7220, 32;
E_0x55e450b6ae30/8 .event edge, v0x55e450ba7220_29, v0x55e450ba7220_30, v0x55e450ba7220_31, v0x55e450ba7220_32;
v0x55e450ba7220_33 .array/port v0x55e450ba7220, 33;
v0x55e450ba7220_34 .array/port v0x55e450ba7220, 34;
v0x55e450ba7220_35 .array/port v0x55e450ba7220, 35;
v0x55e450ba7220_36 .array/port v0x55e450ba7220, 36;
E_0x55e450b6ae30/9 .event edge, v0x55e450ba7220_33, v0x55e450ba7220_34, v0x55e450ba7220_35, v0x55e450ba7220_36;
v0x55e450ba7220_37 .array/port v0x55e450ba7220, 37;
v0x55e450ba7220_38 .array/port v0x55e450ba7220, 38;
v0x55e450ba7220_39 .array/port v0x55e450ba7220, 39;
v0x55e450ba7220_40 .array/port v0x55e450ba7220, 40;
E_0x55e450b6ae30/10 .event edge, v0x55e450ba7220_37, v0x55e450ba7220_38, v0x55e450ba7220_39, v0x55e450ba7220_40;
v0x55e450ba7220_41 .array/port v0x55e450ba7220, 41;
v0x55e450ba7220_42 .array/port v0x55e450ba7220, 42;
v0x55e450ba7220_43 .array/port v0x55e450ba7220, 43;
v0x55e450ba7220_44 .array/port v0x55e450ba7220, 44;
E_0x55e450b6ae30/11 .event edge, v0x55e450ba7220_41, v0x55e450ba7220_42, v0x55e450ba7220_43, v0x55e450ba7220_44;
v0x55e450ba7220_45 .array/port v0x55e450ba7220, 45;
v0x55e450ba7220_46 .array/port v0x55e450ba7220, 46;
v0x55e450ba7220_47 .array/port v0x55e450ba7220, 47;
v0x55e450ba7220_48 .array/port v0x55e450ba7220, 48;
E_0x55e450b6ae30/12 .event edge, v0x55e450ba7220_45, v0x55e450ba7220_46, v0x55e450ba7220_47, v0x55e450ba7220_48;
v0x55e450ba7220_49 .array/port v0x55e450ba7220, 49;
v0x55e450ba7220_50 .array/port v0x55e450ba7220, 50;
v0x55e450ba7220_51 .array/port v0x55e450ba7220, 51;
v0x55e450ba7220_52 .array/port v0x55e450ba7220, 52;
E_0x55e450b6ae30/13 .event edge, v0x55e450ba7220_49, v0x55e450ba7220_50, v0x55e450ba7220_51, v0x55e450ba7220_52;
v0x55e450ba7220_53 .array/port v0x55e450ba7220, 53;
v0x55e450ba7220_54 .array/port v0x55e450ba7220, 54;
v0x55e450ba7220_55 .array/port v0x55e450ba7220, 55;
v0x55e450ba7220_56 .array/port v0x55e450ba7220, 56;
E_0x55e450b6ae30/14 .event edge, v0x55e450ba7220_53, v0x55e450ba7220_54, v0x55e450ba7220_55, v0x55e450ba7220_56;
v0x55e450ba7220_57 .array/port v0x55e450ba7220, 57;
v0x55e450ba7220_58 .array/port v0x55e450ba7220, 58;
v0x55e450ba7220_59 .array/port v0x55e450ba7220, 59;
v0x55e450ba7220_60 .array/port v0x55e450ba7220, 60;
E_0x55e450b6ae30/15 .event edge, v0x55e450ba7220_57, v0x55e450ba7220_58, v0x55e450ba7220_59, v0x55e450ba7220_60;
v0x55e450ba7220_61 .array/port v0x55e450ba7220, 61;
v0x55e450ba7220_62 .array/port v0x55e450ba7220, 62;
v0x55e450ba7220_63 .array/port v0x55e450ba7220, 63;
v0x55e450ba7220_64 .array/port v0x55e450ba7220, 64;
E_0x55e450b6ae30/16 .event edge, v0x55e450ba7220_61, v0x55e450ba7220_62, v0x55e450ba7220_63, v0x55e450ba7220_64;
v0x55e450ba7220_65 .array/port v0x55e450ba7220, 65;
v0x55e450ba7220_66 .array/port v0x55e450ba7220, 66;
v0x55e450ba7220_67 .array/port v0x55e450ba7220, 67;
v0x55e450ba7220_68 .array/port v0x55e450ba7220, 68;
E_0x55e450b6ae30/17 .event edge, v0x55e450ba7220_65, v0x55e450ba7220_66, v0x55e450ba7220_67, v0x55e450ba7220_68;
v0x55e450ba7220_69 .array/port v0x55e450ba7220, 69;
v0x55e450ba7220_70 .array/port v0x55e450ba7220, 70;
v0x55e450ba7220_71 .array/port v0x55e450ba7220, 71;
v0x55e450ba7220_72 .array/port v0x55e450ba7220, 72;
E_0x55e450b6ae30/18 .event edge, v0x55e450ba7220_69, v0x55e450ba7220_70, v0x55e450ba7220_71, v0x55e450ba7220_72;
v0x55e450ba7220_73 .array/port v0x55e450ba7220, 73;
v0x55e450ba7220_74 .array/port v0x55e450ba7220, 74;
v0x55e450ba7220_75 .array/port v0x55e450ba7220, 75;
v0x55e450ba7220_76 .array/port v0x55e450ba7220, 76;
E_0x55e450b6ae30/19 .event edge, v0x55e450ba7220_73, v0x55e450ba7220_74, v0x55e450ba7220_75, v0x55e450ba7220_76;
v0x55e450ba7220_77 .array/port v0x55e450ba7220, 77;
v0x55e450ba7220_78 .array/port v0x55e450ba7220, 78;
v0x55e450ba7220_79 .array/port v0x55e450ba7220, 79;
v0x55e450ba7220_80 .array/port v0x55e450ba7220, 80;
E_0x55e450b6ae30/20 .event edge, v0x55e450ba7220_77, v0x55e450ba7220_78, v0x55e450ba7220_79, v0x55e450ba7220_80;
v0x55e450ba7220_81 .array/port v0x55e450ba7220, 81;
v0x55e450ba7220_82 .array/port v0x55e450ba7220, 82;
v0x55e450ba7220_83 .array/port v0x55e450ba7220, 83;
v0x55e450ba7220_84 .array/port v0x55e450ba7220, 84;
E_0x55e450b6ae30/21 .event edge, v0x55e450ba7220_81, v0x55e450ba7220_82, v0x55e450ba7220_83, v0x55e450ba7220_84;
v0x55e450ba7220_85 .array/port v0x55e450ba7220, 85;
v0x55e450ba7220_86 .array/port v0x55e450ba7220, 86;
v0x55e450ba7220_87 .array/port v0x55e450ba7220, 87;
v0x55e450ba7220_88 .array/port v0x55e450ba7220, 88;
E_0x55e450b6ae30/22 .event edge, v0x55e450ba7220_85, v0x55e450ba7220_86, v0x55e450ba7220_87, v0x55e450ba7220_88;
v0x55e450ba7220_89 .array/port v0x55e450ba7220, 89;
v0x55e450ba7220_90 .array/port v0x55e450ba7220, 90;
v0x55e450ba7220_91 .array/port v0x55e450ba7220, 91;
v0x55e450ba7220_92 .array/port v0x55e450ba7220, 92;
E_0x55e450b6ae30/23 .event edge, v0x55e450ba7220_89, v0x55e450ba7220_90, v0x55e450ba7220_91, v0x55e450ba7220_92;
v0x55e450ba7220_93 .array/port v0x55e450ba7220, 93;
v0x55e450ba7220_94 .array/port v0x55e450ba7220, 94;
v0x55e450ba7220_95 .array/port v0x55e450ba7220, 95;
v0x55e450ba7220_96 .array/port v0x55e450ba7220, 96;
E_0x55e450b6ae30/24 .event edge, v0x55e450ba7220_93, v0x55e450ba7220_94, v0x55e450ba7220_95, v0x55e450ba7220_96;
v0x55e450ba7220_97 .array/port v0x55e450ba7220, 97;
v0x55e450ba7220_98 .array/port v0x55e450ba7220, 98;
v0x55e450ba7220_99 .array/port v0x55e450ba7220, 99;
v0x55e450ba7220_100 .array/port v0x55e450ba7220, 100;
E_0x55e450b6ae30/25 .event edge, v0x55e450ba7220_97, v0x55e450ba7220_98, v0x55e450ba7220_99, v0x55e450ba7220_100;
v0x55e450ba7220_101 .array/port v0x55e450ba7220, 101;
v0x55e450ba7220_102 .array/port v0x55e450ba7220, 102;
v0x55e450ba7220_103 .array/port v0x55e450ba7220, 103;
v0x55e450ba7220_104 .array/port v0x55e450ba7220, 104;
E_0x55e450b6ae30/26 .event edge, v0x55e450ba7220_101, v0x55e450ba7220_102, v0x55e450ba7220_103, v0x55e450ba7220_104;
v0x55e450ba7220_105 .array/port v0x55e450ba7220, 105;
v0x55e450ba7220_106 .array/port v0x55e450ba7220, 106;
v0x55e450ba7220_107 .array/port v0x55e450ba7220, 107;
v0x55e450ba7220_108 .array/port v0x55e450ba7220, 108;
E_0x55e450b6ae30/27 .event edge, v0x55e450ba7220_105, v0x55e450ba7220_106, v0x55e450ba7220_107, v0x55e450ba7220_108;
v0x55e450ba7220_109 .array/port v0x55e450ba7220, 109;
v0x55e450ba7220_110 .array/port v0x55e450ba7220, 110;
v0x55e450ba7220_111 .array/port v0x55e450ba7220, 111;
v0x55e450ba7220_112 .array/port v0x55e450ba7220, 112;
E_0x55e450b6ae30/28 .event edge, v0x55e450ba7220_109, v0x55e450ba7220_110, v0x55e450ba7220_111, v0x55e450ba7220_112;
v0x55e450ba7220_113 .array/port v0x55e450ba7220, 113;
v0x55e450ba7220_114 .array/port v0x55e450ba7220, 114;
v0x55e450ba7220_115 .array/port v0x55e450ba7220, 115;
v0x55e450ba7220_116 .array/port v0x55e450ba7220, 116;
E_0x55e450b6ae30/29 .event edge, v0x55e450ba7220_113, v0x55e450ba7220_114, v0x55e450ba7220_115, v0x55e450ba7220_116;
v0x55e450ba7220_117 .array/port v0x55e450ba7220, 117;
v0x55e450ba7220_118 .array/port v0x55e450ba7220, 118;
v0x55e450ba7220_119 .array/port v0x55e450ba7220, 119;
v0x55e450ba7220_120 .array/port v0x55e450ba7220, 120;
E_0x55e450b6ae30/30 .event edge, v0x55e450ba7220_117, v0x55e450ba7220_118, v0x55e450ba7220_119, v0x55e450ba7220_120;
v0x55e450ba7220_121 .array/port v0x55e450ba7220, 121;
v0x55e450ba7220_122 .array/port v0x55e450ba7220, 122;
v0x55e450ba7220_123 .array/port v0x55e450ba7220, 123;
v0x55e450ba7220_124 .array/port v0x55e450ba7220, 124;
E_0x55e450b6ae30/31 .event edge, v0x55e450ba7220_121, v0x55e450ba7220_122, v0x55e450ba7220_123, v0x55e450ba7220_124;
v0x55e450ba7220_125 .array/port v0x55e450ba7220, 125;
v0x55e450ba7220_126 .array/port v0x55e450ba7220, 126;
v0x55e450ba7220_127 .array/port v0x55e450ba7220, 127;
v0x55e450ba7220_128 .array/port v0x55e450ba7220, 128;
E_0x55e450b6ae30/32 .event edge, v0x55e450ba7220_125, v0x55e450ba7220_126, v0x55e450ba7220_127, v0x55e450ba7220_128;
v0x55e450ba7220_129 .array/port v0x55e450ba7220, 129;
v0x55e450ba7220_130 .array/port v0x55e450ba7220, 130;
v0x55e450ba7220_131 .array/port v0x55e450ba7220, 131;
v0x55e450ba7220_132 .array/port v0x55e450ba7220, 132;
E_0x55e450b6ae30/33 .event edge, v0x55e450ba7220_129, v0x55e450ba7220_130, v0x55e450ba7220_131, v0x55e450ba7220_132;
v0x55e450ba7220_133 .array/port v0x55e450ba7220, 133;
v0x55e450ba7220_134 .array/port v0x55e450ba7220, 134;
v0x55e450ba7220_135 .array/port v0x55e450ba7220, 135;
v0x55e450ba7220_136 .array/port v0x55e450ba7220, 136;
E_0x55e450b6ae30/34 .event edge, v0x55e450ba7220_133, v0x55e450ba7220_134, v0x55e450ba7220_135, v0x55e450ba7220_136;
v0x55e450ba7220_137 .array/port v0x55e450ba7220, 137;
v0x55e450ba7220_138 .array/port v0x55e450ba7220, 138;
v0x55e450ba7220_139 .array/port v0x55e450ba7220, 139;
v0x55e450ba7220_140 .array/port v0x55e450ba7220, 140;
E_0x55e450b6ae30/35 .event edge, v0x55e450ba7220_137, v0x55e450ba7220_138, v0x55e450ba7220_139, v0x55e450ba7220_140;
v0x55e450ba7220_141 .array/port v0x55e450ba7220, 141;
v0x55e450ba7220_142 .array/port v0x55e450ba7220, 142;
v0x55e450ba7220_143 .array/port v0x55e450ba7220, 143;
v0x55e450ba7220_144 .array/port v0x55e450ba7220, 144;
E_0x55e450b6ae30/36 .event edge, v0x55e450ba7220_141, v0x55e450ba7220_142, v0x55e450ba7220_143, v0x55e450ba7220_144;
v0x55e450ba7220_145 .array/port v0x55e450ba7220, 145;
v0x55e450ba7220_146 .array/port v0x55e450ba7220, 146;
v0x55e450ba7220_147 .array/port v0x55e450ba7220, 147;
v0x55e450ba7220_148 .array/port v0x55e450ba7220, 148;
E_0x55e450b6ae30/37 .event edge, v0x55e450ba7220_145, v0x55e450ba7220_146, v0x55e450ba7220_147, v0x55e450ba7220_148;
v0x55e450ba7220_149 .array/port v0x55e450ba7220, 149;
v0x55e450ba7220_150 .array/port v0x55e450ba7220, 150;
v0x55e450ba7220_151 .array/port v0x55e450ba7220, 151;
v0x55e450ba7220_152 .array/port v0x55e450ba7220, 152;
E_0x55e450b6ae30/38 .event edge, v0x55e450ba7220_149, v0x55e450ba7220_150, v0x55e450ba7220_151, v0x55e450ba7220_152;
v0x55e450ba7220_153 .array/port v0x55e450ba7220, 153;
v0x55e450ba7220_154 .array/port v0x55e450ba7220, 154;
v0x55e450ba7220_155 .array/port v0x55e450ba7220, 155;
v0x55e450ba7220_156 .array/port v0x55e450ba7220, 156;
E_0x55e450b6ae30/39 .event edge, v0x55e450ba7220_153, v0x55e450ba7220_154, v0x55e450ba7220_155, v0x55e450ba7220_156;
v0x55e450ba7220_157 .array/port v0x55e450ba7220, 157;
v0x55e450ba7220_158 .array/port v0x55e450ba7220, 158;
v0x55e450ba7220_159 .array/port v0x55e450ba7220, 159;
v0x55e450ba7220_160 .array/port v0x55e450ba7220, 160;
E_0x55e450b6ae30/40 .event edge, v0x55e450ba7220_157, v0x55e450ba7220_158, v0x55e450ba7220_159, v0x55e450ba7220_160;
v0x55e450ba7220_161 .array/port v0x55e450ba7220, 161;
v0x55e450ba7220_162 .array/port v0x55e450ba7220, 162;
v0x55e450ba7220_163 .array/port v0x55e450ba7220, 163;
v0x55e450ba7220_164 .array/port v0x55e450ba7220, 164;
E_0x55e450b6ae30/41 .event edge, v0x55e450ba7220_161, v0x55e450ba7220_162, v0x55e450ba7220_163, v0x55e450ba7220_164;
v0x55e450ba7220_165 .array/port v0x55e450ba7220, 165;
v0x55e450ba7220_166 .array/port v0x55e450ba7220, 166;
v0x55e450ba7220_167 .array/port v0x55e450ba7220, 167;
v0x55e450ba7220_168 .array/port v0x55e450ba7220, 168;
E_0x55e450b6ae30/42 .event edge, v0x55e450ba7220_165, v0x55e450ba7220_166, v0x55e450ba7220_167, v0x55e450ba7220_168;
v0x55e450ba7220_169 .array/port v0x55e450ba7220, 169;
v0x55e450ba7220_170 .array/port v0x55e450ba7220, 170;
v0x55e450ba7220_171 .array/port v0x55e450ba7220, 171;
v0x55e450ba7220_172 .array/port v0x55e450ba7220, 172;
E_0x55e450b6ae30/43 .event edge, v0x55e450ba7220_169, v0x55e450ba7220_170, v0x55e450ba7220_171, v0x55e450ba7220_172;
v0x55e450ba7220_173 .array/port v0x55e450ba7220, 173;
v0x55e450ba7220_174 .array/port v0x55e450ba7220, 174;
v0x55e450ba7220_175 .array/port v0x55e450ba7220, 175;
v0x55e450ba7220_176 .array/port v0x55e450ba7220, 176;
E_0x55e450b6ae30/44 .event edge, v0x55e450ba7220_173, v0x55e450ba7220_174, v0x55e450ba7220_175, v0x55e450ba7220_176;
v0x55e450ba7220_177 .array/port v0x55e450ba7220, 177;
v0x55e450ba7220_178 .array/port v0x55e450ba7220, 178;
v0x55e450ba7220_179 .array/port v0x55e450ba7220, 179;
v0x55e450ba7220_180 .array/port v0x55e450ba7220, 180;
E_0x55e450b6ae30/45 .event edge, v0x55e450ba7220_177, v0x55e450ba7220_178, v0x55e450ba7220_179, v0x55e450ba7220_180;
v0x55e450ba7220_181 .array/port v0x55e450ba7220, 181;
v0x55e450ba7220_182 .array/port v0x55e450ba7220, 182;
v0x55e450ba7220_183 .array/port v0x55e450ba7220, 183;
v0x55e450ba7220_184 .array/port v0x55e450ba7220, 184;
E_0x55e450b6ae30/46 .event edge, v0x55e450ba7220_181, v0x55e450ba7220_182, v0x55e450ba7220_183, v0x55e450ba7220_184;
v0x55e450ba7220_185 .array/port v0x55e450ba7220, 185;
v0x55e450ba7220_186 .array/port v0x55e450ba7220, 186;
v0x55e450ba7220_187 .array/port v0x55e450ba7220, 187;
v0x55e450ba7220_188 .array/port v0x55e450ba7220, 188;
E_0x55e450b6ae30/47 .event edge, v0x55e450ba7220_185, v0x55e450ba7220_186, v0x55e450ba7220_187, v0x55e450ba7220_188;
v0x55e450ba7220_189 .array/port v0x55e450ba7220, 189;
v0x55e450ba7220_190 .array/port v0x55e450ba7220, 190;
v0x55e450ba7220_191 .array/port v0x55e450ba7220, 191;
v0x55e450ba7220_192 .array/port v0x55e450ba7220, 192;
E_0x55e450b6ae30/48 .event edge, v0x55e450ba7220_189, v0x55e450ba7220_190, v0x55e450ba7220_191, v0x55e450ba7220_192;
v0x55e450ba7220_193 .array/port v0x55e450ba7220, 193;
v0x55e450ba7220_194 .array/port v0x55e450ba7220, 194;
v0x55e450ba7220_195 .array/port v0x55e450ba7220, 195;
v0x55e450ba7220_196 .array/port v0x55e450ba7220, 196;
E_0x55e450b6ae30/49 .event edge, v0x55e450ba7220_193, v0x55e450ba7220_194, v0x55e450ba7220_195, v0x55e450ba7220_196;
v0x55e450ba7220_197 .array/port v0x55e450ba7220, 197;
v0x55e450ba7220_198 .array/port v0x55e450ba7220, 198;
v0x55e450ba7220_199 .array/port v0x55e450ba7220, 199;
v0x55e450ba7220_200 .array/port v0x55e450ba7220, 200;
E_0x55e450b6ae30/50 .event edge, v0x55e450ba7220_197, v0x55e450ba7220_198, v0x55e450ba7220_199, v0x55e450ba7220_200;
v0x55e450ba7220_201 .array/port v0x55e450ba7220, 201;
v0x55e450ba7220_202 .array/port v0x55e450ba7220, 202;
v0x55e450ba7220_203 .array/port v0x55e450ba7220, 203;
v0x55e450ba7220_204 .array/port v0x55e450ba7220, 204;
E_0x55e450b6ae30/51 .event edge, v0x55e450ba7220_201, v0x55e450ba7220_202, v0x55e450ba7220_203, v0x55e450ba7220_204;
v0x55e450ba7220_205 .array/port v0x55e450ba7220, 205;
v0x55e450ba7220_206 .array/port v0x55e450ba7220, 206;
v0x55e450ba7220_207 .array/port v0x55e450ba7220, 207;
v0x55e450ba7220_208 .array/port v0x55e450ba7220, 208;
E_0x55e450b6ae30/52 .event edge, v0x55e450ba7220_205, v0x55e450ba7220_206, v0x55e450ba7220_207, v0x55e450ba7220_208;
v0x55e450ba7220_209 .array/port v0x55e450ba7220, 209;
v0x55e450ba7220_210 .array/port v0x55e450ba7220, 210;
v0x55e450ba7220_211 .array/port v0x55e450ba7220, 211;
v0x55e450ba7220_212 .array/port v0x55e450ba7220, 212;
E_0x55e450b6ae30/53 .event edge, v0x55e450ba7220_209, v0x55e450ba7220_210, v0x55e450ba7220_211, v0x55e450ba7220_212;
v0x55e450ba7220_213 .array/port v0x55e450ba7220, 213;
v0x55e450ba7220_214 .array/port v0x55e450ba7220, 214;
v0x55e450ba7220_215 .array/port v0x55e450ba7220, 215;
v0x55e450ba7220_216 .array/port v0x55e450ba7220, 216;
E_0x55e450b6ae30/54 .event edge, v0x55e450ba7220_213, v0x55e450ba7220_214, v0x55e450ba7220_215, v0x55e450ba7220_216;
v0x55e450ba7220_217 .array/port v0x55e450ba7220, 217;
v0x55e450ba7220_218 .array/port v0x55e450ba7220, 218;
v0x55e450ba7220_219 .array/port v0x55e450ba7220, 219;
v0x55e450ba7220_220 .array/port v0x55e450ba7220, 220;
E_0x55e450b6ae30/55 .event edge, v0x55e450ba7220_217, v0x55e450ba7220_218, v0x55e450ba7220_219, v0x55e450ba7220_220;
v0x55e450ba7220_221 .array/port v0x55e450ba7220, 221;
v0x55e450ba7220_222 .array/port v0x55e450ba7220, 222;
v0x55e450ba7220_223 .array/port v0x55e450ba7220, 223;
v0x55e450ba7220_224 .array/port v0x55e450ba7220, 224;
E_0x55e450b6ae30/56 .event edge, v0x55e450ba7220_221, v0x55e450ba7220_222, v0x55e450ba7220_223, v0x55e450ba7220_224;
v0x55e450ba7220_225 .array/port v0x55e450ba7220, 225;
v0x55e450ba7220_226 .array/port v0x55e450ba7220, 226;
v0x55e450ba7220_227 .array/port v0x55e450ba7220, 227;
v0x55e450ba7220_228 .array/port v0x55e450ba7220, 228;
E_0x55e450b6ae30/57 .event edge, v0x55e450ba7220_225, v0x55e450ba7220_226, v0x55e450ba7220_227, v0x55e450ba7220_228;
v0x55e450ba7220_229 .array/port v0x55e450ba7220, 229;
v0x55e450ba7220_230 .array/port v0x55e450ba7220, 230;
v0x55e450ba7220_231 .array/port v0x55e450ba7220, 231;
v0x55e450ba7220_232 .array/port v0x55e450ba7220, 232;
E_0x55e450b6ae30/58 .event edge, v0x55e450ba7220_229, v0x55e450ba7220_230, v0x55e450ba7220_231, v0x55e450ba7220_232;
v0x55e450ba7220_233 .array/port v0x55e450ba7220, 233;
v0x55e450ba7220_234 .array/port v0x55e450ba7220, 234;
v0x55e450ba7220_235 .array/port v0x55e450ba7220, 235;
v0x55e450ba7220_236 .array/port v0x55e450ba7220, 236;
E_0x55e450b6ae30/59 .event edge, v0x55e450ba7220_233, v0x55e450ba7220_234, v0x55e450ba7220_235, v0x55e450ba7220_236;
v0x55e450ba7220_237 .array/port v0x55e450ba7220, 237;
v0x55e450ba7220_238 .array/port v0x55e450ba7220, 238;
v0x55e450ba7220_239 .array/port v0x55e450ba7220, 239;
v0x55e450ba7220_240 .array/port v0x55e450ba7220, 240;
E_0x55e450b6ae30/60 .event edge, v0x55e450ba7220_237, v0x55e450ba7220_238, v0x55e450ba7220_239, v0x55e450ba7220_240;
v0x55e450ba7220_241 .array/port v0x55e450ba7220, 241;
v0x55e450ba7220_242 .array/port v0x55e450ba7220, 242;
v0x55e450ba7220_243 .array/port v0x55e450ba7220, 243;
v0x55e450ba7220_244 .array/port v0x55e450ba7220, 244;
E_0x55e450b6ae30/61 .event edge, v0x55e450ba7220_241, v0x55e450ba7220_242, v0x55e450ba7220_243, v0x55e450ba7220_244;
v0x55e450ba7220_245 .array/port v0x55e450ba7220, 245;
v0x55e450ba7220_246 .array/port v0x55e450ba7220, 246;
v0x55e450ba7220_247 .array/port v0x55e450ba7220, 247;
v0x55e450ba7220_248 .array/port v0x55e450ba7220, 248;
E_0x55e450b6ae30/62 .event edge, v0x55e450ba7220_245, v0x55e450ba7220_246, v0x55e450ba7220_247, v0x55e450ba7220_248;
v0x55e450ba7220_249 .array/port v0x55e450ba7220, 249;
v0x55e450ba7220_250 .array/port v0x55e450ba7220, 250;
v0x55e450ba7220_251 .array/port v0x55e450ba7220, 251;
v0x55e450ba7220_252 .array/port v0x55e450ba7220, 252;
E_0x55e450b6ae30/63 .event edge, v0x55e450ba7220_249, v0x55e450ba7220_250, v0x55e450ba7220_251, v0x55e450ba7220_252;
v0x55e450ba7220_253 .array/port v0x55e450ba7220, 253;
v0x55e450ba7220_254 .array/port v0x55e450ba7220, 254;
v0x55e450ba7220_255 .array/port v0x55e450ba7220, 255;
E_0x55e450b6ae30/64 .event edge, v0x55e450ba7220_253, v0x55e450ba7220_254, v0x55e450ba7220_255;
E_0x55e450b6ae30 .event/or E_0x55e450b6ae30/0, E_0x55e450b6ae30/1, E_0x55e450b6ae30/2, E_0x55e450b6ae30/3, E_0x55e450b6ae30/4, E_0x55e450b6ae30/5, E_0x55e450b6ae30/6, E_0x55e450b6ae30/7, E_0x55e450b6ae30/8, E_0x55e450b6ae30/9, E_0x55e450b6ae30/10, E_0x55e450b6ae30/11, E_0x55e450b6ae30/12, E_0x55e450b6ae30/13, E_0x55e450b6ae30/14, E_0x55e450b6ae30/15, E_0x55e450b6ae30/16, E_0x55e450b6ae30/17, E_0x55e450b6ae30/18, E_0x55e450b6ae30/19, E_0x55e450b6ae30/20, E_0x55e450b6ae30/21, E_0x55e450b6ae30/22, E_0x55e450b6ae30/23, E_0x55e450b6ae30/24, E_0x55e450b6ae30/25, E_0x55e450b6ae30/26, E_0x55e450b6ae30/27, E_0x55e450b6ae30/28, E_0x55e450b6ae30/29, E_0x55e450b6ae30/30, E_0x55e450b6ae30/31, E_0x55e450b6ae30/32, E_0x55e450b6ae30/33, E_0x55e450b6ae30/34, E_0x55e450b6ae30/35, E_0x55e450b6ae30/36, E_0x55e450b6ae30/37, E_0x55e450b6ae30/38, E_0x55e450b6ae30/39, E_0x55e450b6ae30/40, E_0x55e450b6ae30/41, E_0x55e450b6ae30/42, E_0x55e450b6ae30/43, E_0x55e450b6ae30/44, E_0x55e450b6ae30/45, E_0x55e450b6ae30/46, E_0x55e450b6ae30/47, E_0x55e450b6ae30/48, E_0x55e450b6ae30/49, E_0x55e450b6ae30/50, E_0x55e450b6ae30/51, E_0x55e450b6ae30/52, E_0x55e450b6ae30/53, E_0x55e450b6ae30/54, E_0x55e450b6ae30/55, E_0x55e450b6ae30/56, E_0x55e450b6ae30/57, E_0x55e450b6ae30/58, E_0x55e450b6ae30/59, E_0x55e450b6ae30/60, E_0x55e450b6ae30/61, E_0x55e450b6ae30/62, E_0x55e450b6ae30/63, E_0x55e450b6ae30/64;
    .scope S_0x55e450b82b80;
T_0 ;
    %wait E_0x55e450b6ae30;
    %load/vec4 v0x55e450ba9ce0_0;
    %inv;
    %load/vec4 v0x55e450ba9c20_0;
    %and;
    %flag_set/vec4 8;
    %jmp/0 T_0.0, 8;
    %pushi/vec4 0, 0, 10;
    %jmp/1 T_0.1, 8;
T_0.0 ; End of true expr.
    %load/vec4 v0x55e450ba9af0_0;
    %pad/u 10;
    %ix/vec4 4;
    %load/vec4a v0x55e450ba7220, 4;
    %jmp/0 T_0.1, 8;
 ; End of false expr.
    %blend;
T_0.1;
    %store/vec4 v0x55e450ba7160_0, 0, 10;
    %jmp T_0;
    .thread T_0, $push;
    .scope S_0x55e450b82b80;
T_1 ;
    %wait E_0x55e450b67ec0;
    %load/vec4 v0x55e450ba9e80_0;
    %flag_set/vec4 8;
    %jmp/0xz  T_1.0, 8;
    %load/vec4 v0x55e450ba7080_0;
    %load/vec4 v0x55e450ba9da0_0;
    %pad/u 10;
    %ix/vec4 3;
    %ix/load 4, 0, 0; Constant delay
    %assign/vec4/a/d v0x55e450ba7220, 0, 4;
T_1.0 ;
    %jmp T_1;
    .thread T_1;
    .scope S_0x55e450b7e710;
T_2 ;
    %wait E_0x55e450b680c0;
    %pushi/vec4 0, 0, 1;
    %store/vec4 v0x55e450baa8a0_0, 0, 1;
    %pushi/vec4 0, 0, 1;
    %store/vec4 v0x55e450baaa20_0, 0, 1;
    %pushi/vec4 0, 0, 1;
    %store/vec4 v0x55e450baa280_0, 0, 1;
    %pushi/vec4 0, 0, 1;
    %store/vec4 v0x55e450baa120_0, 0, 1;
    %pushi/vec4 0, 0, 1;
    %store/vec4 v0x55e450baa7e0_0, 0, 1;
    %pushi/vec4 0, 0, 1;
    %store/vec4 v0x55e450baa960_0, 0, 1;
    %pushi/vec4 0, 0, 1;
    %store/vec4 v0x55e450baaae0_0, 0, 1;
    %load/vec4 v0x55e450baae70_0;
    %inv;
    %flag_set/vec4 8;
    %jmp/0xz  T_2.0, 8;
    %pushi/vec4 1, 0, 1;
    %store/vec4 v0x55e450baa8a0_0, 0, 1;
    %pushi/vec4 0, 0, 1;
    %store/vec4 v0x55e450baaa20_0, 0, 1;
    %pushi/vec4 0, 0, 1;
    %store/vec4 v0x55e450baa280_0, 0, 1;
    %pushi/vec4 0, 0, 1;
    %store/vec4 v0x55e450baa120_0, 0, 1;
    %pushi/vec4 0, 0, 1;
    %store/vec4 v0x55e450baaae0_0, 0, 1;
    %pushi/vec4 0, 0, 1;
    %store/vec4 v0x55e450baa960_0, 0, 1;
    %jmp T_2.1;
T_2.0 ;
    %load/vec4 v0x55e450baa4a0_0;
    %pad/u 32;
    %cmpi/e 0, 0, 32;
    %jmp/0xz  T_2.2, 4;
    %pushi/vec4 1, 0, 1;
    %store/vec4 v0x55e450baa8a0_0, 0, 1;
    %pushi/vec4 0, 0, 1;
    %store/vec4 v0x55e450baaae0_0, 0, 1;
T_2.2 ;
    %load/vec4 v0x55e450baa4a0_0;
    %pad/u 32;
    %cmpi/e 256, 0, 32;
    %jmp/0xz  T_2.4, 4;
    %pushi/vec4 1, 0, 1;
    %store/vec4 v0x55e450baaa20_0, 0, 1;
T_2.4 ;
    %load/vec4 v0x55e450baa340_0;
    %pad/u 10;
    %load/vec4 v0x55e450baa4a0_0;
    %cmp/u;
    %flag_or 5, 4;
    %jmp/0xz  T_2.6, 5;
    %pushi/vec4 1, 0, 1;
    %store/vec4 v0x55e450baa280_0, 0, 1;
    %pushi/vec4 1, 0, 1;
    %store/vec4 v0x55e450baaae0_0, 0, 1;
T_2.6 ;
    %load/vec4 v0x55e450baa4a0_0;
    %load/vec4 v0x55e450baa1e0_0;
    %pad/u 10;
    %cmp/u;
    %flag_get/vec4 4;
    %flag_get/vec4 5;
    %or;
    %load/vec4 v0x55e450baa4a0_0;
    %pad/u 32;
    %pushi/vec4 0, 0, 32;
    %cmp/e;
    %flag_get/vec4 4;
    %inv;
    %and;
    %flag_set/vec4 8;
    %jmp/0xz  T_2.8, 8;
    %pushi/vec4 1, 0, 1;
    %store/vec4 v0x55e450baa120_0, 0, 1;
    %pushi/vec4 0, 0, 1;
    %store/vec4 v0x55e450baaae0_0, 0, 1;
T_2.8 ;
    %load/vec4 v0x55e450bab010_0;
    %load/vec4 v0x55e450baaa20_0;
    %and;
    %flag_set/vec4 8;
    %jmp/0xz  T_2.10, 8;
    %pushi/vec4 1, 0, 1;
    %store/vec4 v0x55e450baa960_0, 0, 1;
T_2.10 ;
    %load/vec4 v0x55e450baac90_0;
    %load/vec4 v0x55e450baa8a0_0;
    %and;
    %flag_set/vec4 8;
    %jmp/0xz  T_2.12, 8;
    %pushi/vec4 1, 0, 1;
    %store/vec4 v0x55e450baa960_0, 0, 1;
T_2.12 ;
T_2.1 ;
    %jmp T_2;
    .thread T_2, $push;
    .scope S_0x55e450b7e710;
T_3 ;
    %wait E_0x55e450b67ec0;
    %load/vec4 v0x55e450baae70_0;
    %nor/r;
    %flag_set/vec4 8;
    %jmp/0xz  T_3.0, 8;
    %pushi/vec4 0, 0, 10;
    %assign/vec4 v0x55e450baa4a0_0, 0;
    %pushi/vec4 0, 0, 10;
    %assign/vec4 v0x55e450baa720_0, 0;
    %pushi/vec4 0, 0, 8;
    %assign/vec4 v0x55e450baaf40_0, 0;
    %pushi/vec4 0, 0, 8;
    %assign/vec4 v0x55e450baaba0_0, 0;
    %pushi/vec4 0, 0, 1;
    %assign/vec4 v0x55e450baa7e0_0, 0;
    %jmp T_3.1;
T_3.0 ;
    %load/vec4 v0x55e450baaa20_0;
    %nor/r;
    %load/vec4 v0x55e450bab010_0;
    %and;
    %flag_set/vec4 8;
    %jmp/0xz  T_3.2, 8;
    %load/vec4 v0x55e450baaf40_0;
    %addi 1, 0, 8;
    %assign/vec4 v0x55e450baaf40_0, 0;
    %load/vec4 v0x55e450baa8a0_0;
    %nor/r;
    %load/vec4 v0x55e450baac90_0;
    %and;
    %flag_set/vec4 8;
    %jmp/0xz  T_3.4, 8;
    %load/vec4 v0x55e450baaba0_0;
    %addi 1, 0, 8;
    %assign/vec4 v0x55e450baaba0_0, 0;
    %load/vec4 v0x55e450baa4a0_0;
    %assign/vec4 v0x55e450baa4a0_0, 0;
    %jmp T_3.5;
T_3.4 ;
    %load/vec4 v0x55e450baaba0_0;
    %assign/vec4 v0x55e450baaba0_0, 0;
    %load/vec4 v0x55e450baa4a0_0;
    %addi 1, 0, 10;
    %assign/vec4 v0x55e450baa4a0_0, 0;
T_3.5 ;
    %jmp T_3.3;
T_3.2 ;
    %load/vec4 v0x55e450baa8a0_0;
    %nor/r;
    %load/vec4 v0x55e450baac90_0;
    %and;
    %flag_set/vec4 8;
    %jmp/0xz  T_3.6, 8;
    %load/vec4 v0x55e450baaba0_0;
    %addi 1, 0, 8;
    %assign/vec4 v0x55e450baaba0_0, 0;
    %load/vec4 v0x55e450baaf40_0;
    %assign/vec4 v0x55e450baaf40_0, 0;
    %load/vec4 v0x55e450baa4a0_0;
    %subi 1, 0, 10;
    %assign/vec4 v0x55e450baa4a0_0, 0;
    %load/vec4 v0x55e450baa650_0;
    %assign/vec4 v0x55e450baa720_0, 0;
    %jmp T_3.7;
T_3.6 ;
    %load/vec4 v0x55e450baaba0_0;
    %assign/vec4 v0x55e450baaba0_0, 0;
    %load/vec4 v0x55e450baaf40_0;
    %assign/vec4 v0x55e450baaf40_0, 0;
    %load/vec4 v0x55e450baa4a0_0;
    %assign/vec4 v0x55e450baa4a0_0, 0;
T_3.7 ;
T_3.3 ;
T_3.1 ;
    %jmp T_3;
    .thread T_3;
# The file index is used to find the file name in the following table.
:file_names 4;
    "N/A";
    "<interactive>";
    "fifo.v";
    "./memory.v";
